2023-02-23T23:11:32.843Z [[31merror[39m] => [31mError signing in... [39m
2023-02-23T23:12:12.144Z [[31merror[39m] => [31mError signing in... [39m
2023-02-25T21:20:27.965Z [[31merror[39m] => [31mError signing user up[39m
2023-02-25T21:25:52.377Z [[31merror[39m] => [31mError signing user up[39m
2023-02-25T21:38:07.729Z [[31merror[39m] => [31mError signing user up Cannot read properties of undefined (reading 'products')[39m
2023-02-25T21:38:49.403Z [[31merror[39m] => [31mError signing user up[39m
2023-02-25T21:45:23.678Z [[31merror[39m] => [31mError signing user up[39m
2023-02-25T21:45:39.217Z [[31merror[39m] => [31mError signing user up[39m
2023-02-25T21:46:21.462Z [[31merror[39m] => [31mError signing user up[39m
2023-02-25T21:47:32.188Z [[31merror[39m] => [31mError signing user up[39m
2023-02-25T21:48:55.123Z [[31merror[39m] => [31mError signing user up[39m
2023-02-25T21:49:42.106Z [[31merror[39m] => [31mError signing user up[39m
2023-02-25T21:50:19.915Z [[31merror[39m] => [31mError signing user up[39m
2023-02-25T21:53:48.714Z [[31merror[39m] => [31mError signing user up cartItem is not defined[39m
2023-02-25T21:57:39.542Z [[31merror[39m] => [31mError signing user up Argument passed in must be a string of 12 bytes or a string of 24 hex characters or an integer[39m
2023-02-25T22:04:12.116Z [[31merror[39m] => [31mError signing user up Cannot read properties of undefined (reading 'products')[39m
2023-02-25T22:13:24.309Z [[31merror[39m] => [31mError signing user up Cannot read properties of undefined (reading 'products')[39m
2023-02-25T22:18:10.600Z [[31merror[39m] => [31mError signing user up Cannot read properties of undefined (reading 'products')[39m
2023-02-25T22:19:38.998Z [[31merror[39m] => [31mError signing user up Cannot read properties of undefined (reading 'products')[39m
2023-02-25T22:23:32.435Z [[31merror[39m] => [31mError signing user up Cannot read properties of undefined (reading 'products')[39m
2023-02-25T22:24:30.120Z [[31merror[39m] => [31mError signing user up[39m
2023-02-25T22:24:55.262Z [[31merror[39m] => [31mError signing user up Argument passed in must be a string of 12 bytes or a string of 24 hex characters or an integer[39m
2023-02-25T22:57:12.911Z [[31merror[39m] => [31mError signing user up Argument passed in must be a string of 12 bytes or a string of 24 hex characters or an integer[39m
2023-02-26T00:11:32.202Z [[31merror[39m] => [31mError signing user up:  Cannot read properties of undefined (reading 'filename')[39m
2023-02-26T15:25:57.735Z [[31merror[39m] => [31mError signing user up:  Cannot read properties of undefined (reading 'filename')[39m
2023-02-26T15:26:50.890Z [[31merror[39m] => [31mError signing user up:  Cannot read properties of undefined (reading 'filename')[39m
2023-02-26T16:09:59.049Z [[31merror[39m] => [31mError signing user up:  Cannot read properties of undefined (reading 'filename')[39m
2023-03-12T21:53:30.838Z [[31merror[39m] => [31mError with the Server: listen EADDRINUSE: address already in use :::8080[39m
2023-03-13T00:12:56.667Z [[31merror[39m] => [31mError signing in... [39m
2023-03-13T00:16:00.838Z [[31merror[39m] => [31mError signing in... [39m
2023-03-16T23:55:51.126Z [[31merror[39m] => [31mError signing user up:  envConfig is not defined[39m
2023-03-16T23:57:51.305Z [[31merror[39m] => [31mError signing user up:  sendEmail is not defined[39m
2023-03-18T19:18:53.569Z [[31merror[39m] => [31mError with the Server: listen EADDRINUSE: address already in use :::8080[39m
2023-03-18T20:10:09.213Z [[31merror[39m] => [31mError with the Server: listen EADDRINUSE: address already in use :::8080[39m
2023-03-18T21:25:41.848Z [[31merror[39m] => [31mError with the Server: listen EADDRINUSE: address already in use :::8080[39m
2023-03-19T15:54:28.903Z [[31merror[39m] => [31mError signing in...  connection <monitor> to 18.205.75.153:27017 timed out[39m
2023-03-19T15:54:29.070Z [[31merror[39m] => [31mError signing in...  connection <monitor> to 18.205.75.153:27017 timed out[39m
2023-03-19T15:58:27.204Z [[31merror[39m] => [31mError signing in...  Cannot read properties of undefined (reading 'findOne')[39m
2023-03-21T01:05:58.567Z [[31merror[39m] => [31mError signing in...  Cannot read properties of undefined (reading 'findOne')[39m
2023-03-21T01:06:20.818Z [[31merror[39m] => [31mError signing in...  Cannot read properties of undefined (reading 'findOne')[39m
2023-03-22T02:12:45.826Z [[31merror[39m] => [31mArgument passed in must be a string of 12 bytes or a string of 24 hex characters or an integer[39m
2023-03-22T02:12:45.828Z [[31merror[39m] => [31m[31merror[31m[39m
